#
# There is insufficient memory for the Java Runtime Environment to continue.
# Native memory allocation (malloc) failed to allocate 347664 bytes for Chunk::new
# Possible reasons:
#   The system is out of physical RAM or swap space
#   In 32 bit mode, the process size limit was hit
# Possible solutions:
#   Reduce memory load on the system
#   Increase physical memory or swap space
#   Check if swap backing store is full
#   Use 64 bit Java on a 64 bit OS
#   Decrease Java heap size (-Xmx/-Xms)
#   Decrease number of Java threads
#
#  Out of Memory Error, pid=7724
#
]

Native frames: (J=compiled Java code, j=interpreted, Vv=VM code, C=native code)


Current CompileTask:
C2:   9206 6330       4       java.net.URLClassLoader$1::run (5 bytes)


---------------  P R O C E S S  ---------------

Java Threads: ( => current thread )
  0x000000005dd94800 JavaThread "Memory manager" [_thread_blocked, id=13896, stack(0x0000000062d10000,0x0000000062e10000)]
  0x000000005dd93000 JavaThread "build operations Thread 4" [_thread_blocked, id=13076, stack(0x0000000062380000,0x0000000062480000)]
  0x000000005dd92800 JavaThread "build operations Thread 3" [_thread_blocked, id=10440, stack(0x000000005b610000,0x000000005b710000)]
  0x000000005dd91800 JavaThread "build operations Thread 2" [_thread_blocked, id=14892, stack(0x0000000062620000,0x0000000062720000)]
  0x000000005dd91000 JavaThread "build operations" [_thread_blocked, id=13000, stack(0x00000000624a0000,0x00000000625a0000)]
  0x000000005dd8e800 JavaThread "Cache worker for Artifact transforms cache (C:\Users\41082\.gradle\caches\transforms-1)" [_thread_blocked, id=14300, stack(0x000000005d090000,0x000000005d190000)]
  0x000000005a857000 JavaThread "Cache worker for file hash cache (D:\AndroidProject\MyDemo\FireBaseDemo\.gradle\4.3\fileHashes)" [_thread_blocked, id=8676, stack(0x000000005d1a0000,0x000000005d2a0000)]
  0x000000005a425800 JavaThread "File lock request listener" [_thread_in_native, id=12856, stack(0x000000005bfb0000,0x000000005c0b0000)]
  0x000000005a48d000 JavaThread "Cache worker for file hash cache (C:\Users\41082\.gradle\caches\4.3\fileHashes)" [_thread_blocked, id=12800, stack(0x000000005bd20000,0x000000005be20000)]
  0x000000005a486800 JavaThread "Stdin handler" [_thread_blocked, id=14152, stack(0x000000005b920000,0x000000005ba20000)]
  0x000000005a49a000 JavaThread "Asynchronous log dispatcher for DefaultDaemonConnection: socket connection from /127.0.0.1:20299 to /127.0.0.1:20300" [_thread_blocked, id=14828, stack(0x000000005b720000,0x000000005b820000)]
  0x000000005a488800 JavaThread "Daemon worker" [_thread_blocked, id=15292, stack(0x000000005ae20000,0x000000005af20000)]
  0x000000005a487800 JavaThread "Cancel handler" [_thread_blocked, id=14572, stack(0x000000005b510000,0x000000005b610000)]
  0x000000005a157000 JavaThread "Handler for socket connection from /127.0.0.1:20299 to /127.0.0.1:20300" [_thread_in_native, id=6232, stack(0x000000005b150000,0x000000005b250000)]
  0x000000005a150000 JavaThread "Daemon" [_thread_blocked, id=10624, stack(0x0000000058f30000,0x0000000059030000)]
  0x000000005a2ea000 JavaThread "Daemon periodic checks" [_thread_blocked, id=14604, stack(0x0000000057550000,0x0000000057650000)]
  0x000000005a196800 JavaThread "Incoming local TCP Connector on port 20299" [_thread_in_native, id=14864, stack(0x000000005af70000,0x000000005b070000)]
  0x0000000057a5e000 JavaThread "Service Thread" daemon [_thread_blocked, id=10760, stack(0x0000000059030000,0x0000000059130000)]
  0x0000000057a1b000 JavaThread "C1 CompilerThread2" daemon [_thread_blocked, id=15256, stack(0x0000000057e10000,0x0000000057f10000)]
=>0x0000000057a17800 JavaThread "C2 CompilerThread1" daemon [_thread_in_native, id=13180, stack(0x0000000058e20000,0x0000000058f20000)]
  0x00000000579fb000 JavaThread "C2 CompilerThread0" daemon [_thread_in_native, id=14352, stack(0x0000000058c70000,0x0000000058d70000)]
  0x000000005652f000 JavaThread "Attach Listener" daemon [_thread_blocked, id=7780, stack(0x0000000058120000,0x0000000058220000)]
  0x000000005651e800 JavaThread "Signal Dispatcher" daemon [_thread_blocked, id=13724, stack(0x0000000057f70000,0x0000000058070000)]
  0x0000000056509800 JavaThread "Finalizer" daemon [_thread_blocked, id=7316, stack(0x00000000578f0000,0x00000000579f0000)]
  0x00000000564c2800 JavaThread "Reference Handler" daemon [_thread_blocked, id=12280, stack(0x0000000057790000,0x0000000057890000)]
  0x0000000002778000 JavaThread "main" [_thread_blocked, id=14476, stack(0x00000000028c0000,0x00000000029c0000)]

Other Threads:
  0x00000000564bb000 VMThread [stack: 0x0000000057650000,0x0000000057750000] [id=4212]
  0x0000000057a5f800 WatcherThread [stack: 0x00000000591c0000,0x00000000592c0000] [id=11148]

VM state:not at safepoint (normal execution)

VM Mutex/Monitor currently owned by a thread: None

Heap:
 PSYoungGen      total 224256K, used 210432K [0x00000000e0000000, 0x00000000eec00000, 0x0000000100000000)
  eden space 208896K, 93% used [0x00000000e0000000,0x00000000ebe81f20,0x00000000ecc00000)
  from space 15360K, 99% used [0x00000000ecc00000,0x00000000edafe190,0x00000000edb00000)
  to   space 15360K, 0% used [0x00000000edb00000,0x00000000edb00000,0x00000000eea00000)
 ParOldGen       total 61440K, used 28230K [0x00000000a0000000, 0x00000000a3c00000, 0x00000000e0000000)
  object space 61440K, 45% used [0x00000000a0000000,0x00000000a1b91808,0x00000000a3c00000)
 Metaspace       used 55812K, capacity 58258K, committed 58368K, reserved 1099776K
  class space    used 7779K, capacity 8420K, committed 8448K, reserved 1048576K

Card table byte_map: [0x0000000011d80000,0x0000000012090000] byte_map_base: 0x0000000011880000

Marking Bits: (ParMarkBitMap*) 0x0000000058b34970
 Begin Bits: [0x0000000012830000, 0x0000000014030000)
 End Bits:   [0x0000000014030000, 0x0000000015830000)

Polling page: 0x0000000000130000

CodeCache: size=245760Kb used=21285Kb max_used=21285Kb free=224474Kb
 bounds [0x00000000029c0000, 0x0000000003ea0000, 0x00000000119c0000]
 total_blobs=6855 nmethods=6088 adapters=679
 compilation: enabled

Compilation events (10 events):
Event: 9.192 Thread 0x0000000057a1b000 6523       2       java.lang.invoke.InfoFromMemberName::getDeclaringClass (8 bytes)
Event: 9.192 Thread 0x0000000057a1b000 nmethod 6523 0x0000000003e95f10 code [0x0000000003e96060, 0x0000000003e961b0]
Event: 9.192 Thread 0x0000000057a1b000 6524       2       java.lang.invoke.InfoFromMemberName::getMethodType (8 bytes)
Event: 9.192 Thread 0x0000000057a1b000 nmethod 6524 0x0000000003e96250 code [0x0000000003e963c0, 0x0000000003e96528]
Event: 9.192 Thread 0x0000000057a1b000 6525       2       java.lang.invoke.InfoFromMemberName::getName (8 bytes)
Event: 9.192 Thread 0x0000000057a1b000 nmethod 6525 0x0000000003e965d0 code [0x0000000003e96740, 0x0000000003e96928]
Event: 9.203 Thread 0x0000000057a1b000 6526       2       org.gradle.launcher.daemon.server.exec.LogToClient$AsynchronousLogDispatcher$1::onOutput (44 bytes)
Event: 9.204 Thread 0x0000000057a1b000 nmethod 6526 0x0000000003e96a10 code [0x0000000003e96ba0, 0x0000000003e96ef8]
Event: 9.204 Thread 0x0000000057a1b000 6527       2       org.gradle.launcher.daemon.server.exec.LogToClient$AsynchronousLogDispatcher$1::isMatchingBuildLogLevel (27 bytes)
Event: 9.204 Thread 0x0000000057a1b000 nmethod 6527 0x0000000003e97150 code [0x0000000003e972c0, 0x0000000003e974c8]

GC Heap History (10 events):
Event: 2.648 GC heap before
{Heap before GC invocations=5 (full 1):
 PSYoungGen      total 138240K, used 5116K [0x00000000e0000000, 0x00000000e8c00000, 0x0000000100000000)
  eden space 133120K, 0% used [0x00000000e0000000,0x00000000e0000000,0x00000000e8200000)
  from space 5120K, 99% used [0x00000000e8700000,0x00000000e8bff060,0x00000000e8c00000)
  to   space 5120K, 0% used [0x00000000e8200000,0x00000000e8200000,0x00000000e8700000)
 ParOldGen       total 87552K, used 9606K [0x00000000a0000000, 0x00000000a5580000, 0x00000000e0000000)
  object space 87552K, 10% used [0x00000000a0000000,0x00000000a0961aa8,0x00000000a5580000)
 Metaspace       used 20667K, capacity 21174K, committed 21248K, reserved 1067008K
  class space    used 2880K, capacity 3010K, committed 3072K, reserved 1048576K
Event: 2.684 GC heap after
Heap after GC invocations=5 (full 1):
 PSYoungGen      total 138240K, used 0K [0x00000000e0000000, 0x00000000e8c00000, 0x0000000100000000)
  eden space 133120K, 0% used [0x00000000e0000000,0x00000000e0000000,0x00000000e8200000)
  from space 5120K, 0% used [0x00000000e8700000,0x00000000e8700000,0x00000000e8c00000)
  to   space 5120K, 0% used [0x00000000e8200000,0x00000000e8200000,0x00000000e8700000)
 ParOldGen       total 61440K, used 7977K [0x00000000a0000000, 0x00000000a3c00000, 0x00000000e0000000)
  object space 61440K, 12% used [0x00000000a0000000,0x00000000a07ca650,0x00000000a3c00000)
 Metaspace       used 20667K, capacity 21174K, committed 21248K, reserved 1067008K
  class space    used 2880K, capacity 3010K, committed 3072K, reserved 1048576K
}
Event: 4.340 GC heap before
{Heap before GC invocations=6 (full 1):
 PSYoungGen      total 138240K, used 133120K [0x00000000e0000000, 0x00000000e8c00000, 0x0000000100000000)
  eden space 133120K, 100% used [0x00000000e0000000,0x00000000e8200000,0x00000000e8200000)
  from space 5120K, 0% used [0x00000000e8700000,0x00000000e8700000,0x00000000e8c00000)
  to   space 5120K, 0% used [0x00000000e8200000,0x00000000e8200000,0x00000000e8700000)
 ParOldGen       total 61440K, used 7977K [0x00000000a0000000, 0x00000000a3c00000, 0x00000000e0000000)
  object space 61440K, 12% used [0x00000000a0000000,0x00000000a07ca650,0x00000000a3c00000)
 Metaspace       used 30385K, capacity 31158K, committed 31488K, reserved 1077248K
  class space    used 4268K, capacity 4516K, committed 4608K, reserved 1048576K
Event: 4.362 GC heap after
Heap after GC invocations=6 (full 1):
 PSYoungGen      total 138240K, used 5088K [0x00000000e0000000, 0x00000000eea00000, 0x0000000100000000)
  eden space 133120K, 0% used [0x00000000e0000000,0x00000000e0000000,0x00000000e8200000)
  from space 5120K, 99% used [0x00000000e8200000,0x00000000e86f8020,0x00000000e8700000)
  to   space 15360K, 0% used [0x00000000edb00000,0x00000000edb00000,0x00000000eea00000)
 ParOldGen       total 61440K, used 17135K [0x00000000a0000000, 0x00000000a3c00000, 0x00000000e0000000)
  object space 61440K, 27% used [0x00000000a0000000,0x00000000a10bbd48,0x00000000a3c00000)
 Metaspace       used 30385K, capacity 31158K, committed 31488K, reserved 1077248K
  class space    used 4268K, capacity 4516K, committed 4608K, reserved 1048576K
}
Event: 4.896 GC heap before
{Heap before GC invocations=7 (full 1):
 PSYoungGen      total 138240K, used 40867K [0x00000000e0000000, 0x00000000eea00000, 0x0000000100000000)
  eden space 133120K, 26% used [0x00000000e0000000,0x00000000e22f0d30,0x00000000e8200000)
  from space 5120K, 99% used [0x00000000e8200000,0x00000000e86f8020,0x00000000e8700000)
  to   space 15360K, 0% used [0x00000000edb00000,0x00000000edb00000,0x00000000eea00000)
 ParOldGen       total 61440K, used 17135K [0x00000000a0000000, 0x00000000a3c00000, 0x00000000e0000000)
  object space 61440K, 27% used [0x00000000a0000000,0x00000000a10bbd48,0x00000000a3c00000)
 Metaspace       used 34385K, capacity 35364K, committed 35416K, reserved 1079296K
  class space    used 4754K, capacity 5112K, committed 5120K, reserved 1048576K
Event: 4.908 GC heap after
Heap after GC invocations=7 (full 1):
 PSYoungGen      total 224256K, used 9985K [0x00000000e0000000, 0x00000000eec00000, 0x0000000100000000)
  eden space 208896K, 0% used [0x00000000e0000000,0x00000000e0000000,0x00000000ecc00000)
  from space 15360K, 65% used [0x00000000edb00000,0x00000000ee4c04a8,0x00000000eea00000)
  to   space 15360K, 0% used [0x00000000ecc00000,0x00000000ecc00000,0x00000000edb00000)
 ParOldGen       total 61440K, used 17143K [0x00000000a0000000, 0x00000000a3c00000, 0x00000000e0000000)
  object space 61440K, 27% used [0x00000000a0000000,0x00000000a10bdd48,0x00000000a3c00000)
 Metaspace       used 34385K, capacity 35364K, committed 35416K, reserved 1079296K
  class space    used 4754K, capacity 5112K, committed 5120K, reserved 1048576K
}
Event: 4.908 GC heap before
{Heap before GC invocations=8 (full 2):
 PSYoungGen      total 224256K, used 9985K [0x00000000e0000000, 0x00000000eec00000, 0x0000000100000000)
  eden space 208896K, 0% used [0x00000000e0000000,0x00000000e0000000,0x00000000ecc00000)
  from space 15360K, 65% used [0x00000000edb00000,0x00000000ee4c04a8,0x00000000eea00000)
  to   space 15360K, 0% used [0x00000000ecc00000,0x00000000ecc00000,0x00000000edb00000)
 ParOldGen       total 61440K, used 17143K [0x00000000a0000000, 0x00000000a3c00000, 0x00000000e0000000)
  object space 61440K, 27% used [0x00000000a0000000,0x00000000a10bdd48,0x00000000a3c00000)
 Metaspace       used 34385K, capacity 35364K, committed 35416K, reserved 1079296K
  class space    used 4754K, capacity 5112K, committed 5120K, reserved 1048576K
Event: 4.969 GC heap after
Heap after GC invocations=8 (full 2):
 PSYoungGen      total 224256K, used 0K [0x00000000e0000000, 0x00000000eec00000, 0x0000000100000000)
  eden space 208896K, 0% used [0x00000000e0000000,0x00000000e0000000,0x00000000ecc00000)
  from space 15360K, 0% used [0x00000000edb00000,0x00000000edb00000,0x00000000eea00000)
  to   space 15360K, 0% used [0x00000000ecc00000,0x00000000ecc00000,0x00000000edb00000)
 ParOldGen       total 61440K, used 25051K [0x00000000a0000000, 0x00000000a3c00000, 0x00000000e0000000)
  object space 61440K, 40% used [0x00000000a0000000,0x00000000a1876cb8,0x00000000a3c00000)
 Metaspace       used 34385K, capacity 35364K, committed 35416K, reserved 1079296K
  class space    used 4754K, capacity 5112K, committed 5120K, reserved 1048576K
}
Event: 7.442 GC heap before
{Heap before GC invocations=9 (full 2):
 PSYoungGen      total 224256K, used 208896K [0x00000000e0000000, 0x00000000eec00000, 0x0000000100000000)
  eden space 208896K, 100% used [0x00000000e0000000,0x00000000ecc00000,0x00000000ecc00000)
  from space 15360K, 0% used [0x00000000edb00000,0x00000000edb00000,0x00000000eea00000)
  to   space 15360K, 0% used [0x00000000ecc00000,0x00000000ecc00000,0x00000000edb00000)
 ParOldGen       total 61440K, used 25051K [0x00000000a0000000, 0x00000000a3c00000, 0x00000000e0000000)
  object space 61440K, 40% used [0x00000000a0000000,0x00000000a1876cb8,0x00000000a3c00000)
 Metaspace       used 48180K, capacity 49626K, committed 49792K, reserved 1091584K
  class space    used 6553K, capacity 6994K, committed 7040K, reserved 1048576K
Event: 7.513 GC heap after
Heap after GC invocations=9 (full 2):
 PSYoungGen      total 224256K, used 15352K [0x00000000e0000000, 0x00000000eec00000, 0x0000000100000000)
  eden space 208896K, 0% used [0x00000000e0000000,0x00000000e0000000,0x00000000ecc00000)
  from space 15360K, 99% used [0x00000000ecc00000,0x00000000edafe190,0x00000000edb00000)
  to   space 15360K, 0% used [0x00000000edb00000,0x00000000edb00000,0x00000000eea00000)
 ParOldGen       total 61440K, used 28230K [0x00000000a0000000, 0x00000000a3c00000, 0x00000000e0000000)
  object space 61440K, 45% used [0x00000000a0000000,0x00000000a1b91808,0x00000000a3c00000)
 Metaspace       used 48180K, capacity 49626K, committed 49792K, reserved 1091584K
  class space    used 6553K, capacity 6994K, committed 7040K, reserved 1048576K
}

Deoptimization events (10 events):
Event: 8.347 Thread 0x000000005a488800 Uncommon trap: reason=class_check action=maybe_recompile pc=0x00000000037b9f28 method=org.gradle.model.internal.type.ModelType.wrap(Ljava/lang/reflect/Type;)Lorg/gradle/model/internal/type/TypeWrapper; @ 33
Event: 8.347 Thread 0x000000005a488800 Uncommon trap: reason=class_check action=maybe_recompile pc=0x00000000037ba054 method=org.gradle.model.internal.type.ModelType.wrap(Ljava/lang/reflect/Type;)Lorg/gradle/model/internal/type/TypeWrapper; @ 83
Event: 8.444 Thread 0x000000005a488800 Uncommon trap: reason=unstable_if action=reinterpret pc=0x00000000033011b4 method=java.lang.String.lastIndexOf([CII[CIII)I @ 118
Event: 8.555 Thread 0x000000005a488800 Uncommon trap: reason=class_check action=maybe_recompile pc=0x0000000002f3692c method=java.lang.Throwable.<init>(Ljava/lang/String;Ljava/lang/Throwable;)V @ 24
Event: 8.555 Thread 0x000000005a488800 Uncommon trap: reason=class_check action=maybe_recompile pc=0x0000000002f3692c method=java.lang.Throwable.<init>(Ljava/lang/String;Ljava/lang/Throwable;)V @ 24
Event: 8.556 Thread 0x000000005a488800 Uncommon trap: reason=class_check action=maybe_recompile pc=0x0000000002f3692c method=java.lang.Throwable.<init>(Ljava/lang/String;Ljava/lang/Throwable;)V @ 24
Event: 8.556 Thread 0x000000005a488800 Uncommon trap: reason=class_check action=maybe_recompile pc=0x0000000002f3692c method=java.lang.Throwable.<init>(Ljava/lang/String;Ljava/lang/Throwable;)V @ 24
Event: 8.956 Thread 0x000000005a488800 Uncommon trap: reason=unstable_if action=reinterpret pc=0x00000000039fbfb4 method=com.esotericsoftware.kryo.io.Input.readUtf8(I)V @ 79
Event: 8.976 Thread 0x000000005a488800 Uncommon trap: reason=unstable_if action=reinterpret pc=0x0000000003385e68 method=org.codehaus.groovy.reflection.CachedMethod.compareToMethod(Ljava/lang/reflect/Method;)I @ 111
Event: 9.113 Thread 0x000000005a488800 Uncommon trap: reason=unstable_if action=reinterpret pc=0x00000000034d6914 method=java.lang.reflect.Proxy.isProxyClass(Ljava/lang/Class;)Z @ 6

Classes redefined (0 events):
No events

Internal exceptions (10 events):
Event: 8.828 Thread 0x000000005a488800 Exception <a 'java/lang/ClassNotFoundException': org/gradle/api/internal/DelegatingDomainObjectSetCustomizer> (0x00000000ea7ca158) thrown at [D:\src\AOSP-openjdk-cygwin\jdk8u\hotspot\src\share\vm\classfile\systemDictionary.cpp, line 210]
Event: 8.830 Thread 0x000000005a488800 Exception <a 'java/lang/ClassNotFoundException': org/gradle/api/internal/artifacts/DefaultPublishArtifactSetCustomizer> (0x00000000ea8140c0) thrown at [D:\src\AOSP-openjdk-cygwin\jdk8u\hotspot\src\share\vm\classfile\systemDictionary.cpp, line 210]
Event: 8.831 Thread 0x000000005a488800 Exception <a 'java/lang/ClassNotFoundException': org/gradle/api/internal/file/DefaultFileCollectionFactory$1BeanInfo> (0x00000000ea84f8a8) thrown at [D:\src\AOSP-openjdk-cygwin\jdk8u\hotspot\src\share\vm\classfile\systemDictionary.cpp, line 210]
Event: 8.832 Thread 0x000000005a488800 Exception <a 'java/lang/ClassNotFoundException': org/gradle/api/internal/file/collections/FileCollectionAdapterBeanInfo> (0x00000000ea865bf0) thrown at [D:\src\AOSP-openjdk-cygwin\jdk8u\hotspot\src\share\vm\classfile\systemDictionary.cpp, line 210]
Event: 8.832 Thread 0x000000005a488800 Exception <a 'java/lang/ClassNotFoundException': org/gradle/api/internal/file/collections/FileCollectionAdapterCustomizer> (0x00000000ea87c750) thrown at [D:\src\AOSP-openjdk-cygwin\jdk8u\hotspot\src\share\vm\classfile\systemDictionary.cpp, line 210]
Event: 8.832 Thread 0x000000005a488800 Exception <a 'java/lang/ClassNotFoundException': org/gradle/api/internal/file/DefaultFileCollectionFactory$1Customizer> (0x00000000ea89ba90) thrown at [D:\src\AOSP-openjdk-cygwin\jdk8u\hotspot\src\share\vm\classfile\systemDictionary.cpp, line 210]
Event: 8.973 Thread 0x000000005a488800 Exception <a 'java/lang/ClassNotFoundException': org/gradle/plugins/ide/idea/model/IdeaProject_DecoratedBeanInfo> (0x00000000eae0a610) thrown at [D:\src\AOSP-openjdk-cygwin\jdk8u\hotspot\src\share\vm\classfile\systemDictionary.cpp, line 210]
Event: 8.973 Thread 0x000000005a488800 Exception <a 'java/lang/ClassNotFoundException': org/gradle/plugins/ide/idea/model/IdeaProjectBeanInfo> (0x00000000eae2b020) thrown at [D:\src\AOSP-openjdk-cygwin\jdk8u\hotspot\src\share\vm\classfile\systemDictionary.cpp, line 210]
Event: 8.973 Thread 0x000000005a488800 Exception <a 'java/lang/ClassNotFoundException': org/gradle/plugins/ide/idea/model/IdeaProjectCustomizer> (0x00000000eae4c258) thrown at [D:\src\AOSP-openjdk-cygwin\jdk8u\hotspot\src\share\vm\classfile\systemDictionary.cpp, line 210]
Event: 8.976 Thread 0x000000005a488800 Exception <a 'java/lang/ClassNotFoundException': org/gradle/plugins/ide/idea/model/IdeaProject_DecoratedCustomizer> (0x00000000eaeca540) thrown at [D:\src\AOSP-openjdk-cygwin\jdk8u\hotspot\src\share\vm\classfile\systemDictionary.cpp, line 210]

Events (10 events):
Event: 9.201 loading class com/android/dx/cf/iface/ParseException
Event: 9.201 loading class com/android/dx/cf/iface/ParseException done
Event: 9.201 loading class com/android/dx/rop/type/Prototype
Event: 9.201 loading class com/android/dx/rop/type/Prototype done
Event: 9.202 loading class com/android/dx/rop/code/RegisterSpec
Event: 9.202 loading class com/android/dx/rop/code/RegisterSpec done
Event: 9.202 loading class com/android/dx/rop/type/TypeBearer
Event: 9.202 loading class com/android/dx/rop/type/TypeBearer done
Event: 9.202 loading class com/android/dx/util/ToHuman
Event: 9.202 loading class com/android/dx/util/ToHuman done


Dynamic libraries:
0x000000013f300000 - 0x000000013f331000 	D:\Program Files\Android\Android Studio3.1\jre\bin\java.exe
0x0000000077320000 - 0x00000000774ca000 	C:\windows\SYSTEM32\ntdll.dll
0x0000000077200000 - 0x000000007731f000 	C:\windows\system32\kernel32.dll
0x000007fefd5b0000 - 0x000007fefd61a000 	C:\windows\system32\KERNELBASE.dll
0x000007feff510000 - 0x000007feff5eb000 	C:\windows\system32\ADVAPI32.dll
0x000007fefee20000 - 0x000007fefeebf000 	C:\windows\system32\msvcrt.dll
0x000007fefec50000 - 0x000007fefec6f000 	C:\windows\SYSTEM32\sechost.dll
0x000007fefec70000 - 0x000007fefed9d000 	C:\windows\system32\RPCRT4.dll
0x0000000077100000 - 0x00000000771fa000 	C:\windows\system32\USER32.dll
0x000007fefeec0000 - 0x000007fefef27000 	C:\windows\system32\GDI32.dll
0x000007feff5f0000 - 0x000007feff5fe000 	C:\windows\system32\LPK.dll
0x000007feff2c0000 - 0x000007feff38a000 	C:\windows\system32\USP10.dll
0x000007fefb430000 - 0x000007fefb624000 	C:\windows\WinSxS\amd64_microsoft.windows.common-controls_6595b64144ccf1df_6.0.7601.17514_none_fa396087175ac9ac\COMCTL32.dll
0x000007fefeda0000 - 0x000007fefee11000 	C:\windows\system32\SHLWAPI.dll
0x000007feff600000 - 0x000007feff62e000 	C:\windows\system32\IMM32.DLL
0x000007feff160000 - 0x000007feff269000 	C:\windows\system32\MSCTF.dll
0x0000000180000000 - 0x0000000180137000 	C:\windows\LVUAAgentInstBaseRoot\system32\Vozokopot.dll
0x000007fefd6e0000 - 0x000007fefe468000 	C:\windows\system32\SHELL32.dll
0x000007fefd1b0000 - 0x000007fefd1ce000 	C:\windows\system32\USERENV.dll
0x000007fefd270000 - 0x000007fefd27f000 	C:\windows\system32\profapi.dll
0x000007fefc470000 - 0x000007fefc491000 	C:\windows\LVUAAgentInstBaseRoot\system32\MozartBreathFw.dll
0x000007fefbff0000 - 0x000007fefc470000 	C:\windows\LVUAAgentInstBaseRoot\system32\MozartBreathCore.dll
0x0000000074ef0000 - 0x0000000074f8a000 	C:\windows\LVUAAgentInstBaseRoot\system32\SteinwayMSVCRT.dll
0x0000000074e20000 - 0x0000000074ef0000 	C:\windows\LVUAAgentInstBaseRoot\system32\SteinwayMSVCSTL.dll
0x000007fefbf70000 - 0x000007fefbfe1000 	C:\windows\system32\WINSPOOL.DRV
0x000007fefd640000 - 0x000007fefd6d7000 	C:\windows\system32\COMDLG32.dll
0x000007fefe910000 - 0x000007fefeb13000 	C:\windows\system32\ole32.dll
0x000007fefef30000 - 0x000007feff007000 	C:\windows\system32\OLEAUT32.dll
0x000007feff270000 - 0x000007feff2bd000 	C:\windows\system32\WS2_32.dll
0x000007fefeb20000 - 0x000007fefeb28000 	C:\windows\system32\NSI.dll
0x000007fefbcb0000 - 0x000007fefbec6000 	C:\windows\WinSxS\amd64_microsoft.windows.gdiplus_6595b64144ccf1df_1.1.7601.23688_none_145d575e8b8eb5b3\gdiplus.dll
0x000007fefc530000 - 0x000007fefc541000 	C:\windows\system32\WTSAPI32.dll
0x000007fefc900000 - 0x000007fefc95b000 	C:\windows\system32\Dnsapi.dll
0x000007fefbc60000 - 0x000007fefbcab000 	C:\windows\LVUAAgentInstBaseRoot\system32\MozartBreathNet.dll
0x000007fefbbf0000 - 0x000007fefbc05000 	C:\windows\LVUAAgentInstBaseRoot\system32\MozartBreathBolo.dll
0x000007fefbbd0000 - 0x000007fefbbe2000 	C:\windows\LVUAAgentInstBaseRoot\system32\MozartBreathProtect.dll
0x000000005be60000 - 0x000000005bf32000 	D:\Program Files\Android\Android Studio3.1\jre\jre\bin\msvcr100.dll
0x0000000058370000 - 0x0000000058baf000 	D:\Program Files\Android\Android Studio3.1\jre\jre\bin\server\jvm.dll
0x000007fefb8c0000 - 0x000007fefb8c9000 	C:\windows\system32\WSOCK32.dll
0x000007fefa840000 - 0x000007fefa87b000 	C:\windows\system32\WINMM.dll
0x000007fefbaf0000 - 0x000007fefbafc000 	C:\windows\system32\VERSION.dll
0x00000000774e0000 - 0x00000000774e7000 	C:\windows\system32\PSAPI.DLL
0x000007fefb830000 - 0x000007fefb83f000 	D:\Program Files\Android\Android Studio3.1\jre\jre\bin\verify.dll
0x000007fefa070000 - 0x000007fefa099000 	D:\Program Files\Android\Android Studio3.1\jre\jre\bin\java.dll
0x000007fefa340000 - 0x000007fefa360000 	C:\windows\system32\Wlanapi.dll
0x000007fefa330000 - 0x000007fefa337000 	C:\windows\system32\wlanutil.dll
0x000007fefa5d0000 - 0x000007fefa5e6000 	D:\Program Files\Android\Android Studio3.1\jre\jre\bin\zip.dll
0x000007fefa5b0000 - 0x000007fefa5ca000 	D:\Program Files\Android\Android Studio3.1\jre\jre\bin\net.dll
0x000007fefca80000 - 0x000007fefcad5000 	C:\windows\system32\mswsock.dll
0x000007fefca70000 - 0x000007fefca77000 	C:\windows\System32\wship6.dll
0x000007fefa050000 - 0x000007fefa061000 	D:\Program Files\Android\Android Studio3.1\jre\jre\bin\nio.dll
0x000007fef9eb0000 - 0x000007fef9ece000 	C:\Users\41082\.gradle\native\25\windows-amd64\native-platform.dll
0x000007fefb8b0000 - 0x000007fefb8bd000 	D:\Program Files\Android\Android Studio3.1\jre\jre\bin\management.dll
0x000007fefcae0000 - 0x000007fefcaf7000 	C:\windows\system32\CRYPTSP.dll
0x000007fefc7e0000 - 0x000007fefc827000 	C:\windows\system32\rsaenh.dll
0x000007fefd140000 - 0x000007fefd14f000 	C:\windows\system32\CRYPTBASE.dll
0x000007fefa2a0000 - 0x000007fefa2c7000 	C:\windows\system32\IPHLPAPI.DLL
0x000007fefa290000 - 0x000007fefa29b000 	C:\windows\system32\WINNSI.DLL
0x000007fefa0f0000 - 0x000007fefa101000 	C:\windows\system32\dhcpcsvc6.DLL
0x000007fef8910000 - 0x000007fef8928000 	C:\windows\system32\dhcpcsvc.DLL

VM Arguments:
jvm_args: -Xmx1536m -Dfile.encoding=GBK -Duser.country=CN -Duser.language=zh -Duser.variant 
java_command: org.gradle.launcher.daemon.bootstrap.GradleDaemon 4.3
java_class_path (initial): C:\Users\41082\.gradle\wrapper\dists\gradle-4.3-all\dzc9y59d8geu1lkgpbkomfjy7\gradle-4.3\lib\gradle-launcher-4.3.jar
Launcher Type: SUN_STANDARD

Environment Variables:
JAVA_HOME=C:\Program Files (x86)\Java\jdk1.6.0_15
CLASSPATH=.;C:\Program Files (x86)\Java\jdk1.6.0_15\lib\dt.jar;C:\Program Files (x86)\Java\jdk1.6.0_15\lib\tools.jar;C:\Program Files (x86)\Java\jdk1.6.0_15\bin;
PATH=C:\ProgramData\Oracle\Java\javapath;C:\Program Files (x86)\NVIDIA Corporation\PhysX\Common;C:\Program Files (x86)\Common Files\NetSarang;C:\oracle\product\11.2.0\client_1;C:\windows\system32;C:\windows;C:\windows\System32\Wbem;C:\windows\System32\WindowsPowerShell\v1.0\;C:\Program Files (x86)\Java\jdk1.6.0_15\bin;C:\Program Files (x86)\apache-maven-2.2.1\bin;C:\Program Files (x86)\Gow\bin;C:\Program Files (x86)\Microsoft SQL Server\90\Tools\binn\;C:\Program Files (x86)\VisualSVN\bin;C:\Program Files (x86)\Microsoft SQL Server\100\Tools\Binn\;C:\Program Files\Microsoft SQL Server\100\Tools\Binn\;C:\Program Files\Microsoft SQL Server\100\DTS\Binn\;C:\Python27\Scripts\;C:\Python27;C:\Program Files (x86)\Java\jdk1.6.0_15\bin;C:\Program Files (x86)\Java\jdk1.6.0_15\jre\bin;C:\adt-bundle-windows-x86-20130514\sdk\platform-tools;C:\adt-bundle-windows-x86-20130514\sdk\tools;C:\Program Files\Microsoft SQL Server\110\Tools\Binn\;C:\Program Files (x86)\Windows Kits\8.1\Windows Performance Toolkit\;C:\Program Files (x86)\Microsoft SDKs\TypeScript\1.0\;C:\Program Files\Microsoft SQL Server\120\Tools\Binn\;C:\Program Files\TortoiseSVN\bin;C:\Program Files\MATLAB\R2014a\runtime\win64;C:\Program Files\MATLAB\R2014a\bin;C:\Program Files\MATLAB\R2014a\polyspace\bin
USERNAME=41082
OS=Windows_NT
PROCESSOR_IDENTIFIER=Intel64 Family 6 Model 94 Stepping 3, GenuineIntel



---------------  S Y S T E M  ---------------

OS: Windows 7 , 64 bit Build 7601 (6.1.7601.23677)

CPU:total 4 (initial active 4) (4 cores per cpu, 1 threads per core) family 6 model 94 stepping 3, cmov, cx8, fxsr, mmx, sse, sse2, sse3, ssse3, sse4.1, sse4.2, popcnt, avx, avx2, aes, clmul, erms, rtm, 3dnowpref, lzcnt, tsc, tscinvbit, bmi1, bmi2, adx

Memory: 4k page, physical 8269992k(541972k free), swap 14412132k(4216k free)

vm_info: OpenJDK 64-Bit Server VM (25.152-b02) for windows-amd64 JRE (1.8.0_152-release-1024-b02), built by "builder" with MS VC++ 10.0 (VS2010)

time: Thu Apr 11 14:23:28 2019
elapsed time: 9 seconds (0d 0h 0m 9s)

